<?xml version="1.0" encoding="UTF-8"?>
<testsuite name="lankydan.tutorial.springboot.PersonDTOJsonTest" time="0.221" tests="10" errors="0" skipped="0" failures="0">
  <properties>
    <property name="java.runtime.name" value="Java(TM) SE Runtime Environment"/>
    <property name="sun.boot.library.path" value="c:\Program Files\Java\jdk1.8.0_112\jre\bin"/>
    <property name="java.vm.version" value="25.112-b15"/>
    <property name="java.vm.vendor" value="Oracle Corporation"/>
    <property name="maven.multiModuleProjectDirectory" value="c:/Development/java/spring-boot-dto-test-tutorial/sping-boot-dto-tutorial"/>
    <property name="java.vendor.url" value="http://java.oracle.com/"/>
    <property name="path.separator" value=";"/>
    <property name="guice.disable.misplaced.annotation.check" value="true"/>
    <property name="java.vm.name" value="Java HotSpot(TM) 64-Bit Server VM"/>
    <property name="file.encoding.pkg" value="sun.io"/>
    <property name="user.script" value=""/>
    <property name="user.country" value="GB"/>
    <property name="sun.java.launcher" value="SUN_STANDARD"/>
    <property name="sun.os.patch.level" value=""/>
    <property name="java.vm.specification.name" value="Java Virtual Machine Specification"/>
    <property name="user.dir" value="c:\Development\java\spring-boot-dto-test-tutorial\sping-boot-dto-tutorial"/>
    <property name="java.runtime.version" value="1.8.0_112-b15"/>
    <property name="java.awt.graphicsenv" value="sun.awt.Win32GraphicsEnvironment"/>
    <property name="java.endorsed.dirs" value="c:\Program Files\Java\jdk1.8.0_112\jre\lib\endorsed"/>
    <property name="os.arch" value="amd64"/>
    <property name="java.io.tmpdir" value="C:\Users\dankn\AppData\Local\Temp\"/>
    <property name="line.separator" value="&#10;"/>
    <property name="java.vm.specification.vendor" value="Oracle Corporation"/>
    <property name="user.variant" value=""/>
    <property name="os.name" value="Windows 10"/>
    <property name="classworlds.conf" value="c:/Development/apache-maven-3.3.9/bin/m2.conf"/>
    <property name="sun.jnu.encoding" value="Cp1252"/>
    <property name="java.library.path" value="c:\Program Files\Java\jdk1.8.0_112\bin;C:\WINDOWS\Sun\Java\bin;C:\WINDOWS\system32;C:\WINDOWS;c:\Users\dankn\bin;.;C:\Ruby\Git\local\bin;C:\Ruby\Git\mingw\bin;C:\Ruby\Git\bin;c:\Program Files\ImageMagick-7.0.5-Q16;c:\ProgramData\Oracle\Java\javapath;c:\Program Files (x86)\Intel\iCLS Client\;c:\Program Files\Intel\iCLS Client\;c:\Windows\system32;c:\Windows;c:\Windows\System32\Wbem;c:\Windows\System32\WindowsPowerShell\v1.0\;c:\Program Files (x86)\NVIDIA Corporation\PhysX\Common;c:\Program Files (x86)\Intel\Intel(R) Management Engine Components\DAL;c:\Program Files\Intel\Intel(R) Management Engine Components\DAL;c:\Program Files (x86)\Intel\Intel(R) Management Engine Components\IPT;c:\Program Files\Intel\Intel(R) Management Engine Components\IPT;c:\Program Files\Intel\WiFi\bin\;c:\Program Files\Common Files\Intel\WirelessCommon\;c:\Program Files\Microsoft SQL Server\130\Tools\Binn\;c:\Program Files\Git\cmd;c:\Program Files\dotnet\;c:\Program Files\Java\jdk1.8.0_112\bin;c:\Development\apache-maven-3.3.9\bin;c:\Ruby\Ruby2.3.0\bin;c:\Program Files\nodejs\;c:\WINDOWS\system32;c:\WINDOWS;c:\WINDOWS\System32\Wbem;c:\WINDOWS\System32\WindowsPowerShell\v1.0\;c:\Ruby\jruby-1.7.27\bin;C:\Ruby\Git\cmd;c:\Ruby\Ruby2.3.0\bin;c:\Users\dankn\AppData\Local\Microsoft\WindowsApps;c:\Program Files (x86)\Microsoft VS Code\bin;c:\Program Files\Heroku\bin;c:\Users\dankn\AppData\Roaming\npm;.;."/>
    <property name="java.specification.name" value="Java Platform API Specification"/>
    <property name="java.class.version" value="52.0"/>
    <property name="sun.management.compiler" value="HotSpot 64-Bit Tiered Compilers"/>
    <property name="os.version" value="10.0"/>
    <property name="user.home" value="C:\Users\dankn"/>
    <property name="user.timezone" value="Europe/London"/>
    <property name="java.awt.printerjob" value="sun.awt.windows.WPrinterJob"/>
    <property name="java.specification.version" value="1.8"/>
    <property name="file.encoding" value="Cp1252"/>
    <property name="user.name" value="dankn"/>
    <property name="java.class.path" value="c:/Development/apache-maven-3.3.9/boot/plexus-classworlds-2.5.2.jar"/>
    <property name="java.vm.specification.version" value="1.8"/>
    <property name="sun.arch.data.model" value="64"/>
    <property name="java.home" value="c:\Program Files\Java\jdk1.8.0_112\jre"/>
    <property name="sun.java.command" value="org.codehaus.plexus.classworlds.launcher.Launcher test"/>
    <property name="java.specification.vendor" value="Oracle Corporation"/>
    <property name="user.language" value="en"/>
    <property name="awt.toolkit" value="sun.awt.windows.WToolkit"/>
    <property name="java.vm.info" value="mixed mode"/>
    <property name="java.version" value="1.8.0_112"/>
    <property name="java.ext.dirs" value="c:\Program Files\Java\jdk1.8.0_112\jre\lib\ext;C:\WINDOWS\Sun\Java\lib\ext"/>
    <property name="sun.boot.class.path" value="c:\Program Files\Java\jdk1.8.0_112\jre\lib\resources.jar;c:\Program Files\Java\jdk1.8.0_112\jre\lib\rt.jar;c:\Program Files\Java\jdk1.8.0_112\jre\lib\sunrsasign.jar;c:\Program Files\Java\jdk1.8.0_112\jre\lib\jsse.jar;c:\Program Files\Java\jdk1.8.0_112\jre\lib\jce.jar;c:\Program Files\Java\jdk1.8.0_112\jre\lib\charsets.jar;c:\Program Files\Java\jdk1.8.0_112\jre\lib\jfr.jar;c:\Program Files\Java\jdk1.8.0_112\jre\classes"/>
    <property name="sun.stderr.encoding" value="cp850"/>
    <property name="java.vendor" value="Oracle Corporation"/>
    <property name="maven.home" value="c:\Development\apache-maven-3.3.9"/>
    <property name="file.separator" value="\"/>
    <property name="java.vendor.url.bug" value="http://bugreport.sun.com/bugreport/"/>
    <property name="sun.cpu.endian" value="little"/>
    <property name="sun.io.unicode.encoding" value="UnicodeLittle"/>
    <property name="sun.stdout.encoding" value="cp850"/>
    <property name="sun.desktop" value="windows"/>
    <property name="sun.cpu.isalist" value="amd64"/>
  </properties>
  <testcase name="dateOfBirthSerializes" classname="lankydan.tutorial.springboot.PersonDTOJsonTest" time="0.164"/>
  <testcase name="professionSerializes" classname="lankydan.tutorial.springboot.PersonDTOJsonTest" time="0.001"/>
  <testcase name="secondNameSerializes" classname="lankydan.tutorial.springboot.PersonDTOJsonTest" time="0.001"/>
  <testcase name="secondNameDeserializes" classname="lankydan.tutorial.springboot.PersonDTOJsonTest" time="0.033"/>
  <testcase name="professionDeserializes" classname="lankydan.tutorial.springboot.PersonDTOJsonTest" time="0.003"/>
  <testcase name="salaryDeserializes" classname="lankydan.tutorial.springboot.PersonDTOJsonTest" time="0.008"/>
  <testcase name="dateOfBirthDeserializes" classname="lankydan.tutorial.springboot.PersonDTOJsonTest" time="0.008"/>
  <testcase name="firstNameSerializes" classname="lankydan.tutorial.springboot.PersonDTOJsonTest" time="0"/>
  <testcase name="firstNameDeserializes" classname="lankydan.tutorial.springboot.PersonDTOJsonTest" time="0.001"/>
  <testcase name="salarySerializes" classname="lankydan.tutorial.springboot.PersonDTOJsonTest" time="0.002"/>
</testsuite>